c:\users\administrator\desktop\s233122\game engine development\rcasey tutorial 04 exercise 03\rcaseysdl\debug\vc142.pdb
c:\users\administrator\desktop\s233122\game engine development\rcasey tutorial 04 exercise 03\rcaseysdl\debug\vc142.idb
c:\users\administrator\desktop\s233122\game engine development\rcasey tutorial 04 exercise 03\rcaseysdl\debug\scenemanager.obj
c:\users\administrator\desktop\s233122\game engine development\rcasey tutorial 04 exercise 03\rcaseysdl\debug\resourcemanager.obj
c:\users\administrator\desktop\s233122\game engine development\rcasey tutorial 04 exercise 03\rcaseysdl\debug\profiler.obj
c:\users\administrator\desktop\s233122\game engine development\rcasey tutorial 04 exercise 03\rcaseysdl\debug\pickup.obj
c:\users\administrator\desktop\s233122\game engine development\rcasey tutorial 04 exercise 03\rcaseysdl\debug\monsterhome.obj
c:\users\administrator\desktop\s233122\game engine development\rcasey tutorial 04 exercise 03\rcaseysdl\debug\monster.obj
c:\users\administrator\desktop\s233122\game engine development\rcasey tutorial 04 exercise 03\rcaseysdl\debug\menu.obj
c:\users\administrator\desktop\s233122\game engine development\rcasey tutorial 04 exercise 03\rcaseysdl\debug\main.obj
c:\users\administrator\desktop\s233122\game engine development\rcasey tutorial 04 exercise 03\rcaseysdl\debug\input.obj
c:\users\administrator\desktop\s233122\game engine development\rcasey tutorial 04 exercise 03\rcaseysdl\debug\hero.obj
c:\users\administrator\desktop\s233122\game engine development\rcasey tutorial 04 exercise 03\rcaseysdl\debug\game.obj
c:\users\administrator\desktop\s233122\game engine development\rcasey tutorial 04 exercise 03\rcaseysdl\debug\creature.obj
c:\users\administrator\desktop\s233122\game engine development\rcasey tutorial 04 exercise 03\rcaseysdl\debug\bitmap.obj
c:\users\administrator\desktop\s233122\game engine development\rcasey tutorial 04 exercise 03\rcaseysdl\debug\imgui_sdl.obj
c:\users\administrator\desktop\s233122\game engine development\rcasey tutorial 04 exercise 03\rcaseysdl\debug\imgui_widgets.obj
c:\users\administrator\desktop\s233122\game engine development\rcasey tutorial 04 exercise 03\rcaseysdl\debug\imgui_tables.obj
c:\users\administrator\desktop\s233122\game engine development\rcasey tutorial 04 exercise 03\rcaseysdl\debug\imgui_draw.obj
c:\users\administrator\desktop\s233122\game engine development\rcasey tutorial 04 exercise 03\rcaseysdl\debug\imgui_demo.obj
c:\users\administrator\desktop\s233122\game engine development\rcasey tutorial 04 exercise 03\rcaseysdl\debug\imgui.obj
c:\users\administrator\desktop\s233122\game engine development\rcasey tutorial 04 exercise 03\rcaseysdl\debug\imgui_impl_sdl.obj
c:\users\administrator\desktop\s233122\game engine development\rcasey tutorial 04 exercise 03\rcaseysdl\debug\texturemanager.obj
c:\users\administrator\desktop\s233122\game engine development\rcasey tutorial 04 exercise 03\debug\rcaseysdl.exe
c:\users\administrator\desktop\s233122\game engine development\rcasey tutorial 04 exercise 03\rcaseysdl\debug\rcaseysdl.ilk
c:\users\administrator\desktop\s233122\game engine development\rcasey tutorial 04 exercise 03\debug\rcaseysdl.pdb
c:\users\administrator\desktop\s233122\game engine development\rcasey tutorial 04 exercise 03\rcaseysdl\debug\bitmap.obj.enc
c:\users\administrator\desktop\s233122\game engine development\rcasey tutorial 04 exercise 03\rcaseysdl\debug\game.obj.enc
c:\users\administrator\desktop\s233122\game engine development\rcasey tutorial 04 exercise 03\rcaseysdl\debug\rcaseysdl.tlog\cl.command.1.tlog
c:\users\administrator\desktop\s233122\game engine development\rcasey tutorial 04 exercise 03\rcaseysdl\debug\rcaseysdl.tlog\cl.read.1.tlog
c:\users\administrator\desktop\s233122\game engine development\rcasey tutorial 04 exercise 03\rcaseysdl\debug\rcaseysdl.tlog\cl.write.1.tlog
c:\users\administrator\desktop\s233122\game engine development\rcasey tutorial 04 exercise 03\rcaseysdl\debug\rcaseysdl.tlog\link.command.1.tlog
c:\users\administrator\desktop\s233122\game engine development\rcasey tutorial 04 exercise 03\rcaseysdl\debug\rcaseysdl.tlog\link.read.1.tlog
c:\users\administrator\desktop\s233122\game engine development\rcasey tutorial 04 exercise 03\rcaseysdl\debug\rcaseysdl.tlog\link.write.1.tlog
